\BOOKMARK [0][]{section*.5}{Lista de Figuras}{}
\BOOKMARK [0][]{section*.7}{Lista de Tabelas}{}
\BOOKMARK [0][]{chapter.1}{Introdu\347\343o}{}
\BOOKMARK [1][]{section.1.1}{Objetivos}{chapter.1}
\BOOKMARK [1][]{section.1.2}{Organiza\347\343o do Trabalho}{chapter.1}
\BOOKMARK [0][]{chapter.2}{O sistema RFID}{}
\BOOKMARK [1][]{section.2.1}{Componentes de um Sistema RFID}{chapter.2}
\BOOKMARK [2][]{subsection.2.1.1}{Tags RFID}{section.2.1}
\BOOKMARK [2][]{subsection.2.1.2}{Leitores RFID}{section.2.1}
\BOOKMARK [2][]{subsection.2.1.3}{Middleware}{section.2.1}
\BOOKMARK [0][]{chapter.3}{Aplica\347\365es}{}
\BOOKMARK [0][]{chapter.4}{Seguran\347a e privacidade}{}
\BOOKMARK [1][]{section.4.1}{Principais problemas de seguran\347a e privacidade em sistemas RFID}{chapter.4}
\BOOKMARK [1][]{section.4.2}{Algumas solu\347\365es propostas}{chapter.4}
\BOOKMARK [2][]{subsection.4.2.1}{Killing tags}{section.4.2}
\BOOKMARK [2][]{subsection.4.2.2}{Minimalist cryptography}{section.4.2}
\BOOKMARK [2][]{subsection.4.2.3}{Autentica\347\343o m\372tua}{section.4.2}
\BOOKMARK [0][]{chapter.5}{Conclus\365es}{}
\BOOKMARK [1][]{section.5.1}{Considera\347\365es Finais}{chapter.5}
\BOOKMARK [1][]{section.5.2}{Sugest\365es para Pesquisas Futuras}{chapter.5}
\BOOKMARK [0][]{section*.23}{Refer\352ncias Bibliogr\341ficas}{}
